2014-06-04T20:32:01+00:00 ERR (3): 
exception 'Mage_Core_Exception' with message 'Invalid block type: Mage_Catalog_Block_Product_Featured' in /Applications/MAMP/htdocs/create-adrenaline/app/Mage.php:595
Stack trace:
#0 /Applications/MAMP/htdocs/create-adrenaline/app/code/core/Mage/Core/Model/Layout.php(495): Mage::throwException('Invalid block t...')
#1 /Applications/MAMP/htdocs/create-adrenaline/app/code/core/Mage/Core/Model/Layout.php(437): Mage_Core_Model_Layout->_getBlockInstance('catalog/product...', Array)
#2 /Applications/MAMP/htdocs/create-adrenaline/app/code/core/Mage/Core/Model/Layout.php(472): Mage_Core_Model_Layout->createBlock('catalog/product...', 'product_popular')
#3 /Applications/MAMP/htdocs/create-adrenaline/app/code/core/Mage/Core/Model/Layout.php(239): Mage_Core_Model_Layout->addBlock('catalog/product...', 'product_popular')
#4 /Applications/MAMP/htdocs/create-adrenaline/app/code/core/Mage/Core/Model/Layout.php(205): Mage_Core_Model_Layout->_generateBlock(Object(Mage_Core_Model_Layout_Element), Object(Mage_Core_Model_Layout_Element))
#5 /Applications/MAMP/htdocs/create-adrenaline/app/code/core/Mage/Core/Model/Layout.php(206): Mage_Core_Model_Layout->generateBlocks(Object(Mage_Core_Model_Layout_Element))
#6 /Applications/MAMP/htdocs/create-adrenaline/app/code/core/Mage/Core/Model/Layout.php(210): Mage_Core_Model_Layout->generateBlocks(Object(Mage_Core_Model_Layout_Element))
#7 /Applications/MAMP/htdocs/create-adrenaline/app/code/core/Mage/Core/Controller/Varien/Action.php(344): Mage_Core_Model_Layout->generateBlocks()
#8 /Applications/MAMP/htdocs/create-adrenaline/app/code/core/Mage/Cms/Helper/Page.php(113): Mage_Core_Controller_Varien_Action->generateLayoutBlocks()
#9 /Applications/MAMP/htdocs/create-adrenaline/app/code/core/Mage/Cms/Helper/Page.php(52): Mage_Cms_Helper_Page->_renderPage(Object(Mage_Cms_IndexController), 'home')
#10 /Applications/MAMP/htdocs/create-adrenaline/app/code/core/Mage/Cms/controllers/IndexController.php(45): Mage_Cms_Helper_Page->renderPage(Object(Mage_Cms_IndexController), 'home')
#11 /Applications/MAMP/htdocs/create-adrenaline/app/code/core/Mage/Core/Controller/Varien/Action.php(418): Mage_Cms_IndexController->indexAction()
#12 /Applications/MAMP/htdocs/create-adrenaline/app/code/core/Mage/Core/Controller/Varien/Router/Standard.php(250): Mage_Core_Controller_Varien_Action->dispatch('index')
#13 /Applications/MAMP/htdocs/create-adrenaline/app/code/core/Mage/Core/Controller/Varien/Front.php(172): Mage_Core_Controller_Varien_Router_Standard->match(Object(Mage_Core_Controller_Request_Http))
#14 /Applications/MAMP/htdocs/create-adrenaline/app/code/core/Mage/Core/Model/App.php(354): Mage_Core_Controller_Varien_Front->dispatch()
#15 /Applications/MAMP/htdocs/create-adrenaline/app/Mage.php(684): Mage_Core_Model_App->run(Array)
#16 /Applications/MAMP/htdocs/create-adrenaline/index.php(87): Mage::run('', 'store')
#17 {main}
2014-06-04T20:32:09+00:00 ERR (3): 
exception 'Mage_Core_Exception' with message 'Invalid block type: Mage_Catalog_Block_Product_Featured' in /Applications/MAMP/htdocs/create-adrenaline/app/Mage.php:595
Stack trace:
#0 /Applications/MAMP/htdocs/create-adrenaline/app/code/core/Mage/Core/Model/Layout.php(495): Mage::throwException('Invalid block t...')
#1 /Applications/MAMP/htdocs/create-adrenaline/app/code/core/Mage/Core/Model/Layout.php(437): Mage_Core_Model_Layout->_getBlockInstance('catalog/product...', Array)
#2 /Applications/MAMP/htdocs/create-adrenaline/app/code/core/Mage/Core/Model/Layout.php(472): Mage_Core_Model_Layout->createBlock('catalog/product...', 'product_popular')
#3 /Applications/MAMP/htdocs/create-adrenaline/app/code/core/Mage/Core/Model/Layout.php(239): Mage_Core_Model_Layout->addBlock('catalog/product...', 'product_popular')
#4 /Applications/MAMP/htdocs/create-adrenaline/app/code/core/Mage/Core/Model/Layout.php(205): Mage_Core_Model_Layout->_generateBlock(Object(Mage_Core_Model_Layout_Element), Object(Mage_Core_Model_Layout_Element))
#5 /Applications/MAMP/htdocs/create-adrenaline/app/code/core/Mage/Core/Model/Layout.php(206): Mage_Core_Model_Layout->generateBlocks(Object(Mage_Core_Model_Layout_Element))
#6 /Applications/MAMP/htdocs/create-adrenaline/app/code/core/Mage/Core/Model/Layout.php(210): Mage_Core_Model_Layout->generateBlocks(Object(Mage_Core_Model_Layout_Element))
#7 /Applications/MAMP/htdocs/create-adrenaline/app/code/core/Mage/Core/Controller/Varien/Action.php(344): Mage_Core_Model_Layout->generateBlocks()
#8 /Applications/MAMP/htdocs/create-adrenaline/app/code/core/Mage/Cms/Helper/Page.php(113): Mage_Core_Controller_Varien_Action->generateLayoutBlocks()
#9 /Applications/MAMP/htdocs/create-adrenaline/app/code/core/Mage/Cms/Helper/Page.php(52): Mage_Cms_Helper_Page->_renderPage(Object(Mage_Cms_IndexController), 'home')
#10 /Applications/MAMP/htdocs/create-adrenaline/app/code/core/Mage/Cms/controllers/IndexController.php(45): Mage_Cms_Helper_Page->renderPage(Object(Mage_Cms_IndexController), 'home')
#11 /Applications/MAMP/htdocs/create-adrenaline/app/code/core/Mage/Core/Controller/Varien/Action.php(418): Mage_Cms_IndexController->indexAction()
#12 /Applications/MAMP/htdocs/create-adrenaline/app/code/core/Mage/Core/Controller/Varien/Router/Standard.php(250): Mage_Core_Controller_Varien_Action->dispatch('index')
#13 /Applications/MAMP/htdocs/create-adrenaline/app/code/core/Mage/Core/Controller/Varien/Front.php(172): Mage_Core_Controller_Varien_Router_Standard->match(Object(Mage_Core_Controller_Request_Http))
#14 /Applications/MAMP/htdocs/create-adrenaline/app/code/core/Mage/Core/Model/App.php(354): Mage_Core_Controller_Varien_Front->dispatch()
#15 /Applications/MAMP/htdocs/create-adrenaline/app/Mage.php(684): Mage_Core_Model_App->run(Array)
#16 /Applications/MAMP/htdocs/create-adrenaline/index.php(87): Mage::run('', 'store')
#17 {main}
2014-06-04T20:33:14+00:00 ERR (3): 
exception 'Mage_Core_Exception' with message 'Invalid block type: Mage_Catalog_Block_Product_Featured' in /Applications/MAMP/htdocs/create-adrenaline/app/Mage.php:595
Stack trace:
#0 /Applications/MAMP/htdocs/create-adrenaline/app/code/core/Mage/Core/Model/Layout.php(495): Mage::throwException('Invalid block t...')
#1 /Applications/MAMP/htdocs/create-adrenaline/app/code/core/Mage/Core/Model/Layout.php(437): Mage_Core_Model_Layout->_getBlockInstance('catalog/product...', Array)
#2 /Applications/MAMP/htdocs/create-adrenaline/app/code/core/Mage/Core/Model/Layout.php(472): Mage_Core_Model_Layout->createBlock('catalog/product...', 'product_popular')
#3 /Applications/MAMP/htdocs/create-adrenaline/app/code/core/Mage/Core/Model/Layout.php(239): Mage_Core_Model_Layout->addBlock('catalog/product...', 'product_popular')
#4 /Applications/MAMP/htdocs/create-adrenaline/app/code/core/Mage/Core/Model/Layout.php(205): Mage_Core_Model_Layout->_generateBlock(Object(Mage_Core_Model_Layout_Element), Object(Mage_Core_Model_Layout_Element))
#5 /Applications/MAMP/htdocs/create-adrenaline/app/code/core/Mage/Core/Model/Layout.php(206): Mage_Core_Model_Layout->generateBlocks(Object(Mage_Core_Model_Layout_Element))
#6 /Applications/MAMP/htdocs/create-adrenaline/app/code/core/Mage/Core/Model/Layout.php(210): Mage_Core_Model_Layout->generateBlocks(Object(Mage_Core_Model_Layout_Element))
#7 /Applications/MAMP/htdocs/create-adrenaline/app/code/core/Mage/Core/Controller/Varien/Action.php(344): Mage_Core_Model_Layout->generateBlocks()
#8 /Applications/MAMP/htdocs/create-adrenaline/app/code/core/Mage/Cms/Helper/Page.php(113): Mage_Core_Controller_Varien_Action->generateLayoutBlocks()
#9 /Applications/MAMP/htdocs/create-adrenaline/app/code/core/Mage/Cms/Helper/Page.php(52): Mage_Cms_Helper_Page->_renderPage(Object(Mage_Cms_IndexController), 'home')
#10 /Applications/MAMP/htdocs/create-adrenaline/app/code/core/Mage/Cms/controllers/IndexController.php(45): Mage_Cms_Helper_Page->renderPage(Object(Mage_Cms_IndexController), 'home')
#11 /Applications/MAMP/htdocs/create-adrenaline/app/code/core/Mage/Core/Controller/Varien/Action.php(418): Mage_Cms_IndexController->indexAction()
#12 /Applications/MAMP/htdocs/create-adrenaline/app/code/core/Mage/Core/Controller/Varien/Router/Standard.php(250): Mage_Core_Controller_Varien_Action->dispatch('index')
#13 /Applications/MAMP/htdocs/create-adrenaline/app/code/core/Mage/Core/Controller/Varien/Front.php(172): Mage_Core_Controller_Varien_Router_Standard->match(Object(Mage_Core_Controller_Request_Http))
#14 /Applications/MAMP/htdocs/create-adrenaline/app/code/core/Mage/Core/Model/App.php(354): Mage_Core_Controller_Varien_Front->dispatch()
#15 /Applications/MAMP/htdocs/create-adrenaline/app/Mage.php(684): Mage_Core_Model_App->run(Array)
#16 /Applications/MAMP/htdocs/create-adrenaline/index.php(87): Mage::run('', 'store')
#17 {main}
2014-06-04T20:33:22+00:00 ERR (3): 
exception 'Mage_Core_Exception' with message 'Invalid block type: Mage_Catalog_Block_Product_Featured' in /Applications/MAMP/htdocs/create-adrenaline/app/Mage.php:595
Stack trace:
#0 /Applications/MAMP/htdocs/create-adrenaline/app/code/core/Mage/Core/Model/Layout.php(495): Mage::throwException('Invalid block t...')
#1 /Applications/MAMP/htdocs/create-adrenaline/app/code/core/Mage/Core/Model/Layout.php(437): Mage_Core_Model_Layout->_getBlockInstance('catalog/product...', Array)
#2 /Applications/MAMP/htdocs/create-adrenaline/app/code/core/Mage/Core/Model/Layout.php(472): Mage_Core_Model_Layout->createBlock('catalog/product...', 'product_popular')
#3 /Applications/MAMP/htdocs/create-adrenaline/app/code/core/Mage/Core/Model/Layout.php(239): Mage_Core_Model_Layout->addBlock('catalog/product...', 'product_popular')
#4 /Applications/MAMP/htdocs/create-adrenaline/app/code/core/Mage/Core/Model/Layout.php(205): Mage_Core_Model_Layout->_generateBlock(Object(Mage_Core_Model_Layout_Element), Object(Mage_Core_Model_Layout_Element))
#5 /Applications/MAMP/htdocs/create-adrenaline/app/code/core/Mage/Core/Model/Layout.php(206): Mage_Core_Model_Layout->generateBlocks(Object(Mage_Core_Model_Layout_Element))
#6 /Applications/MAMP/htdocs/create-adrenaline/app/code/core/Mage/Core/Model/Layout.php(210): Mage_Core_Model_Layout->generateBlocks(Object(Mage_Core_Model_Layout_Element))
#7 /Applications/MAMP/htdocs/create-adrenaline/app/code/core/Mage/Core/Controller/Varien/Action.php(344): Mage_Core_Model_Layout->generateBlocks()
#8 /Applications/MAMP/htdocs/create-adrenaline/app/code/core/Mage/Cms/Helper/Page.php(113): Mage_Core_Controller_Varien_Action->generateLayoutBlocks()
#9 /Applications/MAMP/htdocs/create-adrenaline/app/code/core/Mage/Cms/Helper/Page.php(52): Mage_Cms_Helper_Page->_renderPage(Object(Mage_Cms_IndexController), 'home')
#10 /Applications/MAMP/htdocs/create-adrenaline/app/code/core/Mage/Cms/controllers/IndexController.php(45): Mage_Cms_Helper_Page->renderPage(Object(Mage_Cms_IndexController), 'home')
#11 /Applications/MAMP/htdocs/create-adrenaline/app/code/core/Mage/Core/Controller/Varien/Action.php(418): Mage_Cms_IndexController->indexAction()
#12 /Applications/MAMP/htdocs/create-adrenaline/app/code/core/Mage/Core/Controller/Varien/Router/Standard.php(250): Mage_Core_Controller_Varien_Action->dispatch('index')
#13 /Applications/MAMP/htdocs/create-adrenaline/app/code/core/Mage/Core/Controller/Varien/Front.php(172): Mage_Core_Controller_Varien_Router_Standard->match(Object(Mage_Core_Controller_Request_Http))
#14 /Applications/MAMP/htdocs/create-adrenaline/app/code/core/Mage/Core/Model/App.php(354): Mage_Core_Controller_Varien_Front->dispatch()
#15 /Applications/MAMP/htdocs/create-adrenaline/app/Mage.php(684): Mage_Core_Model_App->run(Array)
#16 /Applications/MAMP/htdocs/create-adrenaline/index.php(87): Mage::run('', 'store')
#17 {main}
2014-06-04T20:33:29+00:00 ERR (3): 
exception 'Mage_Core_Exception' with message 'Invalid block type: Mage_Catalog_Block_Product_Featured' in /Applications/MAMP/htdocs/create-adrenaline/app/Mage.php:595
Stack trace:
#0 /Applications/MAMP/htdocs/create-adrenaline/app/code/core/Mage/Core/Model/Layout.php(495): Mage::throwException('Invalid block t...')
#1 /Applications/MAMP/htdocs/create-adrenaline/app/code/core/Mage/Core/Model/Layout.php(437): Mage_Core_Model_Layout->_getBlockInstance('catalog/product...', Array)
#2 /Applications/MAMP/htdocs/create-adrenaline/app/code/core/Mage/Core/Model/Layout.php(472): Mage_Core_Model_Layout->createBlock('catalog/product...', 'product_popular')
#3 /Applications/MAMP/htdocs/create-adrenaline/app/code/core/Mage/Core/Model/Layout.php(239): Mage_Core_Model_Layout->addBlock('catalog/product...', 'product_popular')
#4 /Applications/MAMP/htdocs/create-adrenaline/app/code/core/Mage/Core/Model/Layout.php(205): Mage_Core_Model_Layout->_generateBlock(Object(Mage_Core_Model_Layout_Element), Object(Mage_Core_Model_Layout_Element))
#5 /Applications/MAMP/htdocs/create-adrenaline/app/code/core/Mage/Core/Model/Layout.php(206): Mage_Core_Model_Layout->generateBlocks(Object(Mage_Core_Model_Layout_Element))
#6 /Applications/MAMP/htdocs/create-adrenaline/app/code/core/Mage/Core/Model/Layout.php(210): Mage_Core_Model_Layout->generateBlocks(Object(Mage_Core_Model_Layout_Element))
#7 /Applications/MAMP/htdocs/create-adrenaline/app/code/core/Mage/Core/Controller/Varien/Action.php(344): Mage_Core_Model_Layout->generateBlocks()
#8 /Applications/MAMP/htdocs/create-adrenaline/app/code/core/Mage/Cms/Helper/Page.php(113): Mage_Core_Controller_Varien_Action->generateLayoutBlocks()
#9 /Applications/MAMP/htdocs/create-adrenaline/app/code/core/Mage/Cms/Helper/Page.php(52): Mage_Cms_Helper_Page->_renderPage(Object(Mage_Cms_IndexController), 'home')
#10 /Applications/MAMP/htdocs/create-adrenaline/app/code/core/Mage/Cms/controllers/IndexController.php(45): Mage_Cms_Helper_Page->renderPage(Object(Mage_Cms_IndexController), 'home')
#11 /Applications/MAMP/htdocs/create-adrenaline/app/code/core/Mage/Core/Controller/Varien/Action.php(418): Mage_Cms_IndexController->indexAction()
#12 /Applications/MAMP/htdocs/create-adrenaline/app/code/core/Mage/Core/Controller/Varien/Router/Standard.php(250): Mage_Core_Controller_Varien_Action->dispatch('index')
#13 /Applications/MAMP/htdocs/create-adrenaline/app/code/core/Mage/Core/Controller/Varien/Front.php(172): Mage_Core_Controller_Varien_Router_Standard->match(Object(Mage_Core_Controller_Request_Http))
#14 /Applications/MAMP/htdocs/create-adrenaline/app/code/core/Mage/Core/Model/App.php(354): Mage_Core_Controller_Varien_Front->dispatch()
#15 /Applications/MAMP/htdocs/create-adrenaline/app/Mage.php(684): Mage_Core_Model_App->run(Array)
#16 /Applications/MAMP/htdocs/create-adrenaline/index.php(87): Mage::run('', 'store')
#17 {main}
2014-06-04T20:35:56+00:00 ERR (3): 
exception 'Mage_Core_Exception' with message 'Invalid block type: Mage_Catalog_Block_Product_Featured' in /Applications/MAMP/htdocs/create-adrenaline/app/Mage.php:595
Stack trace:
#0 /Applications/MAMP/htdocs/create-adrenaline/app/code/core/Mage/Core/Model/Layout.php(495): Mage::throwException('Invalid block t...')
#1 /Applications/MAMP/htdocs/create-adrenaline/app/code/core/Mage/Core/Model/Layout.php(437): Mage_Core_Model_Layout->_getBlockInstance('catalog/product...', Array)
#2 /Applications/MAMP/htdocs/create-adrenaline/app/code/core/Mage/Core/Model/Layout.php(472): Mage_Core_Model_Layout->createBlock('catalog/product...', 'product.popular')
#3 /Applications/MAMP/htdocs/create-adrenaline/app/code/core/Mage/Core/Model/Layout.php(239): Mage_Core_Model_Layout->addBlock('catalog/product...', 'product.popular')
#4 /Applications/MAMP/htdocs/create-adrenaline/app/code/core/Mage/Core/Model/Layout.php(205): Mage_Core_Model_Layout->_generateBlock(Object(Mage_Core_Model_Layout_Element), Object(Mage_Core_Model_Layout_Element))
#5 /Applications/MAMP/htdocs/create-adrenaline/app/code/core/Mage/Core/Model/Layout.php(206): Mage_Core_Model_Layout->generateBlocks(Object(Mage_Core_Model_Layout_Element))
#6 /Applications/MAMP/htdocs/create-adrenaline/app/code/core/Mage/Core/Model/Layout.php(210): Mage_Core_Model_Layout->generateBlocks(Object(Mage_Core_Model_Layout_Element))
#7 /Applications/MAMP/htdocs/create-adrenaline/app/code/core/Mage/Core/Controller/Varien/Action.php(344): Mage_Core_Model_Layout->generateBlocks()
#8 /Applications/MAMP/htdocs/create-adrenaline/app/code/core/Mage/Cms/Helper/Page.php(113): Mage_Core_Controller_Varien_Action->generateLayoutBlocks()
#9 /Applications/MAMP/htdocs/create-adrenaline/app/code/core/Mage/Cms/Helper/Page.php(52): Mage_Cms_Helper_Page->_renderPage(Object(Mage_Cms_IndexController), 'home')
#10 /Applications/MAMP/htdocs/create-adrenaline/app/code/core/Mage/Cms/controllers/IndexController.php(45): Mage_Cms_Helper_Page->renderPage(Object(Mage_Cms_IndexController), 'home')
#11 /Applications/MAMP/htdocs/create-adrenaline/app/code/core/Mage/Core/Controller/Varien/Action.php(418): Mage_Cms_IndexController->indexAction()
#12 /Applications/MAMP/htdocs/create-adrenaline/app/code/core/Mage/Core/Controller/Varien/Router/Standard.php(250): Mage_Core_Controller_Varien_Action->dispatch('index')
#13 /Applications/MAMP/htdocs/create-adrenaline/app/code/core/Mage/Core/Controller/Varien/Front.php(172): Mage_Core_Controller_Varien_Router_Standard->match(Object(Mage_Core_Controller_Request_Http))
#14 /Applications/MAMP/htdocs/create-adrenaline/app/code/core/Mage/Core/Model/App.php(354): Mage_Core_Controller_Varien_Front->dispatch()
#15 /Applications/MAMP/htdocs/create-adrenaline/app/Mage.php(684): Mage_Core_Model_App->run(Array)
#16 /Applications/MAMP/htdocs/create-adrenaline/index.php(87): Mage::run('', 'store')
#17 {main}
2014-06-04T20:36:34+00:00 ERR (3): 
exception 'Mage_Core_Exception' with message 'Invalid block type: Mage_Catalog_Block_Product_Featured' in /Applications/MAMP/htdocs/create-adrenaline/app/Mage.php:595
Stack trace:
#0 /Applications/MAMP/htdocs/create-adrenaline/app/code/core/Mage/Core/Model/Layout.php(495): Mage::throwException('Invalid block t...')
#1 /Applications/MAMP/htdocs/create-adrenaline/app/code/core/Mage/Core/Model/Layout.php(437): Mage_Core_Model_Layout->_getBlockInstance('catalog/product...', Array)
#2 /Applications/MAMP/htdocs/create-adrenaline/app/code/core/Mage/Core/Model/Layout.php(472): Mage_Core_Model_Layout->createBlock('catalog/product...', 'product.popular')
#3 /Applications/MAMP/htdocs/create-adrenaline/app/code/core/Mage/Core/Model/Layout.php(239): Mage_Core_Model_Layout->addBlock('catalog/product...', 'product.popular')
#4 /Applications/MAMP/htdocs/create-adrenaline/app/code/core/Mage/Core/Model/Layout.php(205): Mage_Core_Model_Layout->_generateBlock(Object(Mage_Core_Model_Layout_Element), Object(Mage_Core_Model_Layout_Element))
#5 /Applications/MAMP/htdocs/create-adrenaline/app/code/core/Mage/Core/Model/Layout.php(206): Mage_Core_Model_Layout->generateBlocks(Object(Mage_Core_Model_Layout_Element))
#6 /Applications/MAMP/htdocs/create-adrenaline/app/code/core/Mage/Core/Model/Layout.php(210): Mage_Core_Model_Layout->generateBlocks(Object(Mage_Core_Model_Layout_Element))
#7 /Applications/MAMP/htdocs/create-adrenaline/app/code/core/Mage/Core/Controller/Varien/Action.php(344): Mage_Core_Model_Layout->generateBlocks()
#8 /Applications/MAMP/htdocs/create-adrenaline/app/code/core/Mage/Cms/Helper/Page.php(113): Mage_Core_Controller_Varien_Action->generateLayoutBlocks()
#9 /Applications/MAMP/htdocs/create-adrenaline/app/code/core/Mage/Cms/Helper/Page.php(52): Mage_Cms_Helper_Page->_renderPage(Object(Mage_Cms_IndexController), 'home')
#10 /Applications/MAMP/htdocs/create-adrenaline/app/code/core/Mage/Cms/controllers/IndexController.php(45): Mage_Cms_Helper_Page->renderPage(Object(Mage_Cms_IndexController), 'home')
#11 /Applications/MAMP/htdocs/create-adrenaline/app/code/core/Mage/Core/Controller/Varien/Action.php(418): Mage_Cms_IndexController->indexAction()
#12 /Applications/MAMP/htdocs/create-adrenaline/app/code/core/Mage/Core/Controller/Varien/Router/Standard.php(250): Mage_Core_Controller_Varien_Action->dispatch('index')
#13 /Applications/MAMP/htdocs/create-adrenaline/app/code/core/Mage/Core/Controller/Varien/Front.php(172): Mage_Core_Controller_Varien_Router_Standard->match(Object(Mage_Core_Controller_Request_Http))
#14 /Applications/MAMP/htdocs/create-adrenaline/app/code/core/Mage/Core/Model/App.php(354): Mage_Core_Controller_Varien_Front->dispatch()
#15 /Applications/MAMP/htdocs/create-adrenaline/app/Mage.php(684): Mage_Core_Model_App->run(Array)
#16 /Applications/MAMP/htdocs/create-adrenaline/index.php(87): Mage::run('', 'store')
#17 {main}
